<?xml version="1.0" encoding="UTF-8"?>
<testsuite name="com.globant.bootcamp.client.ClientApplicationTests" tests="5" skipped="0" failures="0" errors="0" timestamp="2019-07-02T03:47:40" hostname="ComputadorTutis" time="4.273">
  <properties/>
  <testcase name="post_store_from_service_contract" classname="com.globant.bootcamp.client.ClientApplicationTests" time="3.006"/>
  <testcase name="get_product_from_service_contract" classname="com.globant.bootcamp.client.ClientApplicationTests" time="0.338"/>
  <testcase name="get_address_from_service_contract" classname="com.globant.bootcamp.client.ClientApplicationTests" time="0.313"/>
  <testcase name="get_employee_from_service_contract" classname="com.globant.bootcamp.client.ClientApplicationTests" time="0.331"/>
  <testcase name="get_store_from_service_contract" classname="com.globant.bootcamp.client.ClientApplicationTests" time="0.283"/>
  <system-out><![CDATA[22:47:33.373 [Test worker] DEBUG org.springframework.test.context.junit4.SpringJUnit4ClassRunner - SpringJUnit4ClassRunner constructor called with [class com.globant.bootcamp.client.ClientApplicationTests]
22:47:33.388 [Test worker] DEBUG org.springframework.test.context.BootstrapUtils - Instantiating CacheAwareContextLoaderDelegate from class [org.springframework.test.context.cache.DefaultCacheAwareContextLoaderDelegate]
22:47:33.398 [Test worker] DEBUG org.springframework.test.context.BootstrapUtils - Instantiating BootstrapContext using constructor [public org.springframework.test.context.support.DefaultBootstrapContext(java.lang.Class,org.springframework.test.context.CacheAwareContextLoaderDelegate)]
22:47:33.423 [Test worker] DEBUG org.springframework.test.context.BootstrapUtils - Instantiating TestContextBootstrapper for test class [com.globant.bootcamp.client.ClientApplicationTests] from class [org.springframework.boot.test.context.SpringBootTestContextBootstrapper]
22:47:33.449 [Test worker] INFO org.springframework.boot.test.context.SpringBootTestContextBootstrapper - Neither @ContextConfiguration nor @ContextHierarchy found for test class [com.globant.bootcamp.client.ClientApplicationTests], using SpringBootContextLoader
22:47:33.455 [Test worker] DEBUG org.springframework.test.context.support.AbstractContextLoader - Did not detect default resource location for test class [com.globant.bootcamp.client.ClientApplicationTests]: class path resource [com/globant/bootcamp/client/ClientApplicationTests-context.xml] does not exist
22:47:33.455 [Test worker] DEBUG org.springframework.test.context.support.AbstractContextLoader - Did not detect default resource location for test class [com.globant.bootcamp.client.ClientApplicationTests]: class path resource [com/globant/bootcamp/client/ClientApplicationTestsContext.groovy] does not exist
22:47:33.456 [Test worker] INFO org.springframework.test.context.support.AbstractContextLoader - Could not detect default resource locations for test class [com.globant.bootcamp.client.ClientApplicationTests]: no resource found for suffixes {-context.xml, Context.groovy}.
22:47:33.457 [Test worker] INFO org.springframework.test.context.support.AnnotationConfigContextLoaderUtils - Could not detect default configuration classes for test class [com.globant.bootcamp.client.ClientApplicationTests]: ClientApplicationTests does not declare any static, non-private, non-final, nested classes annotated with @Configuration.
22:47:33.513 [Test worker] DEBUG org.springframework.test.context.support.ActiveProfilesUtils - Could not find an 'annotation declaring class' for annotation type [org.springframework.test.context.ActiveProfiles] and class [com.globant.bootcamp.client.ClientApplicationTests]
22:47:33.598 [Test worker] DEBUG org.springframework.context.annotation.ClassPathScanningCandidateComponentProvider - Identified candidate component class: file [C:\Users\Usuario\Documents\GitHub\Final-Project-Globant-Spring-Bootcamp\finalproject\client\build\classes\java\main\com\globant\bootcamp\client\ClientApplication.class]
22:47:33.600 [Test worker] INFO org.springframework.boot.test.context.SpringBootTestContextBootstrapper - Found @SpringBootConfiguration com.globant.bootcamp.client.ClientApplication for test class com.globant.bootcamp.client.ClientApplicationTests
22:47:33.713 [Test worker] DEBUG org.springframework.boot.test.context.SpringBootTestContextBootstrapper - @TestExecutionListeners is not present for class [com.globant.bootcamp.client.ClientApplicationTests]: using defaults.
22:47:33.714 [Test worker] INFO org.springframework.boot.test.context.SpringBootTestContextBootstrapper - Loaded default TestExecutionListener class names from location [META-INF/spring.factories]: [org.springframework.cloud.contract.stubrunner.provider.wiremock.StubRunnerWireMockTestExecutionListener, org.springframework.cloud.contract.wiremock.WireMockTestExecutionListener, org.springframework.boot.test.autoconfigure.restdocs.RestDocsTestExecutionListener, org.springframework.boot.test.autoconfigure.web.client.MockRestServiceServerResetTestExecutionListener, org.springframework.boot.test.autoconfigure.web.servlet.MockMvcPrintOnlyOnFailureTestExecutionListener, org.springframework.boot.test.autoconfigure.web.servlet.WebDriverTestExecutionListener, org.springframework.boot.test.mock.mockito.MockitoTestExecutionListener, org.springframework.boot.test.mock.mockito.ResetMocksTestExecutionListener, org.springframework.test.context.web.ServletTestExecutionListener, org.springframework.test.context.support.DirtiesContextBeforeModesTestExecutionListener, org.springframework.test.context.support.DependencyInjectionTestExecutionListener, org.springframework.test.context.support.DirtiesContextTestExecutionListener, org.springframework.test.context.transaction.TransactionalTestExecutionListener, org.springframework.test.context.jdbc.SqlScriptsTestExecutionListener]
22:47:33.737 [Test worker] INFO org.springframework.boot.test.context.SpringBootTestContextBootstrapper - Using TestExecutionListeners: [org.springframework.test.context.web.ServletTestExecutionListener@38871b9d, org.springframework.test.context.support.DirtiesContextBeforeModesTestExecutionListener@4aa3f079, org.springframework.boot.test.mock.mockito.MockitoTestExecutionListener@37bf635b, org.springframework.boot.test.autoconfigure.SpringBootDependencyInjectionTestExecutionListener@3b29caf0, org.springframework.test.context.support.DirtiesContextTestExecutionListener@3bf265fb, org.springframework.test.context.transaction.TransactionalTestExecutionListener@6e076ac4, org.springframework.test.context.jdbc.SqlScriptsTestExecutionListener@226e79e4, org.springframework.boot.test.autoconfigure.restdocs.RestDocsTestExecutionListener@57655913, org.springframework.boot.test.autoconfigure.web.client.MockRestServiceServerResetTestExecutionListener@7f9023b9, org.springframework.boot.test.autoconfigure.web.servlet.MockMvcPrintOnlyOnFailureTestExecutionListener@2a9427c5, org.springframework.boot.test.autoconfigure.web.servlet.WebDriverTestExecutionListener@7be4ca2a, org.springframework.boot.test.mock.mockito.ResetMocksTestExecutionListener@6b4a984, org.springframework.cloud.contract.stubrunner.provider.wiremock.StubRunnerWireMockTestExecutionListener@7847df00, org.springframework.cloud.contract.wiremock.WireMockTestExecutionListener@73e665c2]
22:47:33.740 [Test worker] DEBUG org.springframework.test.annotation.ProfileValueUtils - Retrieved @ProfileValueSourceConfiguration [null] for test class [com.globant.bootcamp.client.ClientApplicationTests]
22:47:33.741 [Test worker] DEBUG org.springframework.test.annotation.ProfileValueUtils - Retrieved ProfileValueSource type [class org.springframework.test.annotation.SystemProfileValueSource] for class [com.globant.bootcamp.client.ClientApplicationTests]
22:47:33.742 [Test worker] DEBUG org.springframework.test.annotation.ProfileValueUtils - Retrieved @ProfileValueSourceConfiguration [null] for test class [com.globant.bootcamp.client.ClientApplicationTests]
22:47:33.742 [Test worker] DEBUG org.springframework.test.annotation.ProfileValueUtils - Retrieved ProfileValueSource type [class org.springframework.test.annotation.SystemProfileValueSource] for class [com.globant.bootcamp.client.ClientApplicationTests]
22:47:33.746 [Test worker] DEBUG org.springframework.test.context.support.AbstractDirtiesContextTestExecutionListener - Before test class: context [DefaultTestContext@1a17f4fc testClass = ClientApplicationTests, testInstance = [null], testMethod = [null], testException = [null], mergedContextConfiguration = [WebMergedContextConfiguration@6fda261d testClass = ClientApplicationTests, locations = '{}', classes = '{class com.globant.bootcamp.client.ClientApplication}', contextInitializerClasses = '[]', activeProfiles = '{}', propertySourceLocations = '{}', propertySourceProperties = '{org.springframework.boot.test.context.SpringBootTestContextBootstrapper=true}', contextCustomizers = set[org.springframework.boot.test.autoconfigure.properties.PropertyMappingContextCustomizer@0, org.springframework.boot.test.autoconfigure.web.servlet.WebDriverContextCustomizerFactory$Customizer@665a9126, org.springframework.boot.test.context.filter.ExcludeFilterContextCustomizer@29537fa9, org.springframework.boot.test.json.DuplicateJsonObjectContextCustomizerFactory$DuplicateJsonObjectContextCustomizer@40cd52b0, org.springframework.boot.test.mock.mockito.MockitoContextCustomizer@0, org.springframework.boot.test.web.client.TestRestTemplateContextCustomizer@2b0b45ce], resourceBasePath = 'src/main/webapp', contextLoader = 'org.springframework.boot.test.context.SpringBootContextLoader', parent = [null]], attributes = map['org.springframework.test.context.web.ServletTestExecutionListener.activateListener' -> true]], class annotated with @DirtiesContext [false] with mode [null].
22:47:33.768 [Test worker] DEBUG org.springframework.test.context.support.TestPropertySourceUtils - Adding inlined properties to environment: {spring.jmx.enabled=false, org.springframework.boot.test.context.SpringBootTestContextBootstrapper=true, server.port=-1}

  .   ____          _            __ _ _
 /\\ / ___'_ __ _ _(_)_ __  __ _ \ \ \ \
( ( )\___ | '_ | '_| | '_ \/ _` | \ \ \ \
 \\/  ___)| |_)| | | | | || (_| |  ) ) ) )
  '  |____| .__|_| |_|_| |_\__, | / / / /
 =========|_|==============|___/=/_/_/_/
 :: Spring Boot ::        (v2.1.4.RELEASE)

2019-07-01 22:47:34.065  INFO 8764 --- [    Test worker] c.g.b.client.ClientApplicationTests      : Starting ClientApplicationTests on ComputadorTutis with PID 8764 (started by Usuario in C:\Users\Usuario\Documents\GitHub\Final-Project-Globant-Spring-Bootcamp\finalproject\client)
2019-07-01 22:47:34.066  INFO 8764 --- [    Test worker] c.g.b.client.ClientApplicationTests      : No active profile set, falling back to default profiles: default
2019-07-01 22:47:35.347  INFO 8764 --- [    Test worker] .s.d.r.c.RepositoryConfigurationDelegate : Bootstrapping Spring Data repositories in DEFAULT mode.
2019-07-01 22:47:35.382  INFO 8764 --- [    Test worker] .s.d.r.c.RepositoryConfigurationDelegate : Finished Spring Data repository scanning in 22ms. Found 0 repository interfaces.
2019-07-01 22:47:35.919  INFO 8764 --- [    Test worker] trationDelegate$BeanPostProcessorChecker : Bean 'org.springframework.transaction.annotation.ProxyTransactionManagementConfiguration' of type [org.springframework.transaction.annotation.ProxyTransactionManagementConfiguration$$EnhancerBySpringCGLIB$$97cdbe1c] is not eligible for getting processed by all BeanPostProcessors (for example: not eligible for auto-proxying)
2019-07-01 22:47:35.971  INFO 8764 --- [    Test worker] trationDelegate$BeanPostProcessorChecker : Bean 'org.springframework.hateoas.config.HateoasConfiguration' of type [org.springframework.hateoas.config.HateoasConfiguration$$EnhancerBySpringCGLIB$$174e0b4e] is not eligible for getting processed by all BeanPostProcessors (for example: not eligible for auto-proxying)
2019-07-01 22:47:36.398  INFO 8764 --- [    Test worker] o.hibernate.jpa.internal.util.LogHelper  : HHH000204: Processing PersistenceUnitInfo [
	name: default
	...]
2019-07-01 22:47:36.485  INFO 8764 --- [    Test worker] org.hibernate.Version                    : HHH000412: Hibernate Core {5.3.9.Final}
2019-07-01 22:47:36.487  INFO 8764 --- [    Test worker] org.hibernate.cfg.Environment            : HHH000206: hibernate.properties not found
2019-07-01 22:47:36.680  INFO 8764 --- [    Test worker] o.hibernate.annotations.common.Version   : HCANN000001: Hibernate Commons Annotations {5.0.4.Final}
2019-07-01 22:47:36.879  INFO 8764 --- [    Test worker] com.zaxxer.hikari.HikariDataSource       : HikariPool-1 - Starting...
2019-07-01 22:47:36.977  INFO 8764 --- [    Test worker] com.zaxxer.hikari.HikariDataSource       : HikariPool-1 - Start completed.
2019-07-01 22:47:36.996  INFO 8764 --- [    Test worker] org.hibernate.dialect.Dialect            : HHH000400: Using dialect: org.hibernate.dialect.PostgreSQL95Dialect
2019-07-01 22:47:37.232  INFO 8764 --- [    Test worker] o.h.e.j.e.i.LobCreatorBuilderImpl        : HHH000421: Disabling contextual LOB creation as hibernate.jdbc.lob.non_contextual_creation is true
2019-07-01 22:47:37.243  INFO 8764 --- [    Test worker] org.hibernate.type.BasicTypeRegistry     : HHH000270: Type registration [java.util.UUID] overrides previous : org.hibernate.type.UUIDBinaryType@63a3149
2019-07-01 22:47:37.498  INFO 8764 --- [    Test worker] j.LocalContainerEntityManagerFactoryBean : Initialized JPA EntityManagerFactory for persistence unit 'default'
2019-07-01 22:47:39.505  INFO 8764 --- [    Test worker] o.s.s.concurrent.ThreadPoolTaskExecutor  : Initializing ExecutorService 'applicationTaskExecutor'
2019-07-01 22:47:39.590  WARN 8764 --- [    Test worker] aWebConfiguration$JpaWebMvcConfiguration : spring.jpa.open-in-view is enabled by default. Therefore, database queries may be performed during view rendering. Explicitly configure spring.jpa.open-in-view to disable this warning
2019-07-01 22:47:40.226  INFO 8764 --- [    Test worker] c.g.b.client.ClientApplicationTests      : Started ClientApplicationTests in 6.448 seconds (JVM running for 7.853)
2019-07-01 22:47:40.272  INFO 8764 --- [    Test worker] o.s.c.c.s.AetherStubDownloaderBuilder    : Will download stubs and contracts via Aether
2019-07-01 22:47:40.282  INFO 8764 --- [    Test worker] o.s.c.c.stubrunner.AetherStubDownloader  : Remote repos not passed but the switch to work offline was set. Stubs will be used from your local Maven repository.
2019-07-01 22:47:40.500  INFO 8764 --- [    Test worker] o.s.c.c.stubrunner.AetherStubDownloader  : Resolved version is [0.0.1-SNAPSHOT]
2019-07-01 22:47:40.526  INFO 8764 --- [    Test worker] o.s.c.c.stubrunner.AetherStubDownloader  : Resolved artifact [com.globant.bootcamp:shop:jar:stubs:0.0.1-SNAPSHOT] to C:\Users\Usuario\.m2\repository\com\globant\bootcamp\shop\0.0.1-SNAPSHOT\shop-0.0.1-SNAPSHOT-stubs.jar
2019-07-01 22:47:40.529  INFO 8764 --- [    Test worker] o.s.c.c.stubrunner.AetherStubDownloader  : Unpacking stub from JAR [URI: file:/C:/Users/Usuario/.m2/repository/com/globant/bootcamp/shop/0.0.1-SNAPSHOT/shop-0.0.1-SNAPSHOT-stubs.jar]
2019-07-01 22:47:40.572  INFO 8764 --- [    Test worker] o.s.c.c.stubrunner.AetherStubDownloader  : Unpacked file to [C:\Users\Usuario\AppData\Local\Temp\contracts5763785935542726895]
2019-07-01 22:47:42.068  INFO 8764 --- [    Test worker] wiremock.org.eclipse.jetty.util.log      : Logging initialized @9694ms
2019-07-01 22:47:42.160  INFO 8764 --- [    Test worker] w.org.eclipse.jetty.server.Server        : jetty-9.2.z-SNAPSHOT
2019-07-01 22:47:42.179  INFO 8764 --- [    Test worker] w.o.e.j.server.handler.ContextHandler    : Started w.o.e.j.s.ServletContextHandler@7e1ebacb{/__admin,null,AVAILABLE}
2019-07-01 22:47:42.180  INFO 8764 --- [    Test worker] w.o.e.j.server.handler.ContextHandler    : Started w.o.e.j.s.ServletContextHandler@7e13349f{/,null,AVAILABLE}
2019-07-01 22:47:42.189  INFO 8764 --- [    Test worker] w.o.e.j.s.NetworkTrafficServerConnector  : Started NetworkTrafficServerConnector@65ba9ae3{HTTP/1.1}{0.0.0.0:8100}
2019-07-01 22:47:42.189  INFO 8764 --- [    Test worker] w.org.eclipse.jetty.server.Server        : Started @9815ms
2019-07-01 22:47:42.190  INFO 8764 --- [    Test worker] o.s.c.contract.stubrunner.StubServer     : Started stub server for project [com.globant.bootcamp:shop:0.0.1-SNAPSHOT:stubs] on port 8100
2019-07-01 22:47:42.570  INFO 8764 --- [tp1133994771-28] /__admin                                 : RequestHandlerClass from context returned com.github.tomakehurst.wiremock.http.AdminRequestHandler. Normalized mapped under returned 'null'
2019-07-01 22:47:42.608  INFO 8764 --- [tp1133994771-28] WireMock                                 : Admin request received:
127.0.0.1 - POST /mappings

Connection: [keep-alive]
User-Agent: [Apache-HttpClient/4.5.5 (Java/1.8.0_211)]
Host: [localhost:8100]
Content-Length: [236]
Content-Type: [text/plain; charset=UTF-8]
{
  "id" : "6b0f69bb-507a-49bf-bc2d-50988bdcf91c",
  "request" : {
    "url" : "/ping",
    "method" : "GET"
  },
  "response" : {
    "status" : 200,
    "body" : "OK"
  },
  "uuid" : "6b0f69bb-507a-49bf-bc2d-50988bdcf91c"
}

2019-07-01 22:47:42.747  INFO 8764 --- [tp1133994771-30] WireMock                                 : Admin request received:
127.0.0.1 - POST /mappings

Connection: [keep-alive]
User-Agent: [Apache-HttpClient/4.5.5 (Java/1.8.0_211)]
Host: [localhost:8100]
Content-Length: [238]
Content-Type: [text/plain; charset=UTF-8]
{
  "id" : "6df86723-d225-4c5f-9adb-cb6c3b52ccf6",
  "request" : {
    "url" : "/health",
    "method" : "GET"
  },
  "response" : {
    "status" : 200,
    "body" : "OK"
  },
  "uuid" : "6df86723-d225-4c5f-9adb-cb6c3b52ccf6"
}

2019-07-01 22:47:42.796  INFO 8764 --- [tp1133994771-29] WireMock                                 : Admin request received:
127.0.0.1 - POST /mappings

Connection: [keep-alive]
User-Agent: [Apache-HttpClient/4.5.5 (Java/1.8.0_211)]
Host: [localhost:8100]
Content-Length: [413]
Content-Type: [text/plain; charset=UTF-8]
{
  "id" : "02dfe75c-726a-4061-8eaf-f22a0823acf6",
  "request" : {
    "url" : "/stores",
    "method" : "POST"
  },
  "response" : {
    "status" : 201,
    "body" : "{\"phone\":\"12345\",\"name\":\"Exito\",\"id_store\":\"1\"}",
    "headers" : {
      "Content-Type" : "application/json"
    },
    "transformers" : [ "response-template" ]
  },
  "uuid" : "02dfe75c-726a-4061-8eaf-f22a0823acf6"
}

2019-07-01 22:47:42.815  INFO 8764 --- [tp1133994771-31] WireMock                                 : Admin request received:
127.0.0.1 - POST /mappings

Connection: [keep-alive]
User-Agent: [Apache-HttpClient/4.5.5 (Java/1.8.0_211)]
Host: [localhost:8100]
Content-Length: [508]
Content-Type: [text/plain; charset=UTF-8]
{
  "id" : "19c53390-8c14-408d-865c-ec6f94ef39d7",
  "request" : {
    "url" : "/stores/1/employees/1/address/1",
    "method" : "GET"
  },
  "response" : {
    "status" : 200,
    "body" : "{\"country\":\"USA\",\"id_address\":\"1\",\"city\":\"Miami\",\"street\":\"St 123\",\"postalCode\":\"010203\",\"state\":\"Florida\"}",
    "headers" : {
      "Content-Type" : "application/json"
    },
    "transformers" : [ "response-template" ]
  },
  "uuid" : "19c53390-8c14-408d-865c-ec6f94ef39d7"
}

2019-07-01 22:47:42.837  INFO 8764 --- [tp1133994771-28] WireMock                                 : Admin request received:
127.0.0.1 - POST /mappings

Connection: [keep-alive]
User-Agent: [Apache-HttpClient/4.5.5 (Java/1.8.0_211)]
Host: [localhost:8100]
Content-Length: [440]
Content-Type: [text/plain; charset=UTF-8]
{
  "id" : "92fa536f-8d51-4131-93cf-837ae456400a",
  "request" : {
    "url" : "/stores/1/employees/1",
    "method" : "GET"
  },
  "response" : {
    "status" : 200,
    "body" : "{\"phone\":\"320-3684334\",\"id_employee\":\"1\",\"name\":\"Juan Pablo\"}",
    "headers" : {
      "Content-Type" : "application/json"
    },
    "transformers" : [ "response-template" ]
  },
  "uuid" : "92fa536f-8d51-4131-93cf-837ae456400a"
}

2019-07-01 22:47:42.845  INFO 8764 --- [tp1133994771-30] WireMock                                 : Admin request received:
127.0.0.1 - POST /mappings

Connection: [keep-alive]
User-Agent: [Apache-HttpClient/4.5.5 (Java/1.8.0_211)]
Host: [localhost:8100]
Content-Length: [422]
Content-Type: [text/plain; charset=UTF-8]
{
  "id" : "cd345038-64e3-4cf9-bca6-a4d9dbcc62f5",
  "request" : {
    "url" : "/stores/1/products/1",
    "method" : "GET"
  },
  "response" : {
    "status" : 200,
    "body" : "{\"id_product\":\"1\",\"name\":\"Tv\",\"stock\":\"100\"}",
    "headers" : {
      "Content-Type" : "application/json"
    },
    "transformers" : [ "response-template" ]
  },
  "uuid" : "cd345038-64e3-4cf9-bca6-a4d9dbcc62f5"
}

2019-07-01 22:47:42.852  INFO 8764 --- [tp1133994771-29] WireMock                                 : Admin request received:
127.0.0.1 - POST /mappings

Connection: [keep-alive]
User-Agent: [Apache-HttpClient/4.5.5 (Java/1.8.0_211)]
Host: [localhost:8100]
Content-Length: [414]
Content-Type: [text/plain; charset=UTF-8]
{
  "id" : "de384749-288a-4525-b73d-5d3ad787138f",
  "request" : {
    "url" : "/stores/1",
    "method" : "GET"
  },
  "response" : {
    "status" : 200,
    "body" : "{\"phone\":\"12345\",\"name\":\"Exito\",\"id_store\":\"1\"}",
    "headers" : {
      "Content-Type" : "application/json"
    },
    "transformers" : [ "response-template" ]
  },
  "uuid" : "de384749-288a-4525-b73d-5d3ad787138f"
}

2019-07-01 22:47:42.901  INFO 8764 --- [    Test worker] o.s.c.c.stubrunner.StubRunnerExecutor    : All stubs are now running RunningStubs [namesAndPorts={com.globant.bootcamp:shop:0.0.1-SNAPSHOT:stubs=8100}]
2019-07-01 22:47:43.088  INFO 8764 --- [tp1133994771-28] /                                        : RequestHandlerClass from context returned com.github.tomakehurst.wiremock.http.StubRequestHandler. Normalized mapped under returned 'null'
2019-07-01 22:47:43.185  INFO 8764 --- [tp1133994771-28] WireMock                                 : Request received:
127.0.0.1 - POST /stores

User-Agent: [Java/1.8.0_211]
Connection: [keep-alive]
Host: [localhost:8100]
Accept: [application/json, application/*+json]
Content-Length: [45]
Content-Type: [application/json;charset=UTF-8]
{"id_store":1,"name":"Exito","phone":"12345"}


Matched response definition:
{
  "status" : 201,
  "body" : "{\"phone\":\"12345\",\"name\":\"Exito\",\"id_store\":\"1\"}",
  "headers" : {
    "Content-Type" : "application/json"
  },
  "transformers" : [ "response-template" ]
}

Response:
HTTP/1.1 201
Content-Type: [application/json]
Matched-Stub-Id: [02dfe75c-726a-4061-8eaf-f22a0823acf6]


2019-07-01 22:47:43.270  INFO 8764 --- [    Test worker] w.o.e.j.s.NetworkTrafficServerConnector  : Stopped NetworkTrafficServerConnector@65ba9ae3{HTTP/1.1}{0.0.0.0:8100}
2019-07-01 22:47:43.271  INFO 8764 --- [    Test worker] w.o.e.j.server.handler.ContextHandler    : Stopped w.o.e.j.s.ServletContextHandler@7e13349f{/,null,UNAVAILABLE}
2019-07-01 22:47:43.272  INFO 8764 --- [    Test worker] w.o.e.j.server.handler.ContextHandler    : Stopped w.o.e.j.s.ServletContextHandler@7e1ebacb{/__admin,null,UNAVAILABLE}
2019-07-01 22:47:43.274  WARN 8764 --- [    Test worker] w.o.e.j.util.thread.QueuedThreadPool     : qtp1133994771{STOPPING,8<=8<=10,i=3,q=5} Couldn't stop Thread[qtp1133994771-24,5,]
2019-07-01 22:47:43.274  WARN 8764 --- [    Test worker] w.o.e.j.util.thread.QueuedThreadPool     : qtp1133994771{STOPPING,8<=8<=10,i=0,q=4} Couldn't stop Thread[qtp1133994771-27,5,]
2019-07-01 22:47:43.276  INFO 8764 --- [    Test worker] o.s.c.c.s.AetherStubDownloaderBuilder    : Will download stubs and contracts via Aether
2019-07-01 22:47:43.277  INFO 8764 --- [    Test worker] o.s.c.c.stubrunner.AetherStubDownloader  : Remote repos not passed but the switch to work offline was set. Stubs will be used from your local Maven repository.
2019-07-01 22:47:43.278  INFO 8764 --- [    Test worker] o.s.c.c.stubrunner.AetherStubDownloader  : Resolved version is [0.0.1-SNAPSHOT]
2019-07-01 22:47:43.279  INFO 8764 --- [    Test worker] o.s.c.c.stubrunner.AetherStubDownloader  : Resolved artifact [com.globant.bootcamp:shop:jar:stubs:0.0.1-SNAPSHOT] to C:\Users\Usuario\.m2\repository\com\globant\bootcamp\shop\0.0.1-SNAPSHOT\shop-0.0.1-SNAPSHOT-stubs.jar
2019-07-01 22:47:43.280  INFO 8764 --- [    Test worker] o.s.c.c.stubrunner.AetherStubDownloader  : Unpacking stub from JAR [URI: file:/C:/Users/Usuario/.m2/repository/com/globant/bootcamp/shop/0.0.1-SNAPSHOT/shop-0.0.1-SNAPSHOT-stubs.jar]
2019-07-01 22:47:43.307  INFO 8764 --- [    Test worker] o.s.c.c.stubrunner.AetherStubDownloader  : Unpacked file to [C:\Users\Usuario\AppData\Local\Temp\contracts1482386383342006818]
2019-07-01 22:47:43.484  INFO 8764 --- [    Test worker] w.org.eclipse.jetty.server.Server        : jetty-9.2.z-SNAPSHOT
2019-07-01 22:47:43.486  INFO 8764 --- [    Test worker] w.o.e.j.server.handler.ContextHandler    : Started w.o.e.j.s.ServletContextHandler@752e395a{/__admin,null,AVAILABLE}
2019-07-01 22:47:43.487  INFO 8764 --- [    Test worker] w.o.e.j.server.handler.ContextHandler    : Started w.o.e.j.s.ServletContextHandler@2827e41{/,null,AVAILABLE}
2019-07-01 22:47:43.488  INFO 8764 --- [    Test worker] w.o.e.j.s.NetworkTrafficServerConnector  : Started NetworkTrafficServerConnector@66263a2{HTTP/1.1}{0.0.0.0:8100}
2019-07-01 22:47:43.488  INFO 8764 --- [    Test worker] w.org.eclipse.jetty.server.Server        : Started @11115ms
2019-07-01 22:47:43.489  INFO 8764 --- [    Test worker] o.s.c.contract.stubrunner.StubServer     : Started stub server for project [com.globant.bootcamp:shop:0.0.1-SNAPSHOT:stubs] on port 8100
2019-07-01 22:47:43.493  INFO 8764 --- [tp1046824628-41] /__admin                                 : RequestHandlerClass from context returned com.github.tomakehurst.wiremock.http.AdminRequestHandler. Normalized mapped under returned 'null'
2019-07-01 22:47:43.494  INFO 8764 --- [tp1046824628-41] WireMock                                 : Admin request received:
127.0.0.1 - POST /mappings

Connection: [keep-alive]
User-Agent: [Apache-HttpClient/4.5.5 (Java/1.8.0_211)]
Host: [localhost:8100]
Content-Length: [236]
Content-Type: [text/plain; charset=UTF-8]
{
  "id" : "7dce747a-c431-41ae-a0fe-7662b6106bc7",
  "request" : {
    "url" : "/ping",
    "method" : "GET"
  },
  "response" : {
    "status" : 200,
    "body" : "OK"
  },
  "uuid" : "7dce747a-c431-41ae-a0fe-7662b6106bc7"
}

2019-07-01 22:47:43.514  INFO 8764 --- [tp1046824628-42] WireMock                                 : Admin request received:
127.0.0.1 - POST /mappings

Connection: [keep-alive]
User-Agent: [Apache-HttpClient/4.5.5 (Java/1.8.0_211)]
Host: [localhost:8100]
Content-Length: [238]
Content-Type: [text/plain; charset=UTF-8]
{
  "id" : "4b938b85-15c6-4c8f-9545-8154a4d620c6",
  "request" : {
    "url" : "/health",
    "method" : "GET"
  },
  "response" : {
    "status" : 200,
    "body" : "OK"
  },
  "uuid" : "4b938b85-15c6-4c8f-9545-8154a4d620c6"
}

2019-07-01 22:47:43.535  INFO 8764 --- [tp1046824628-43] WireMock                                 : Admin request received:
127.0.0.1 - POST /mappings

Connection: [keep-alive]
User-Agent: [Apache-HttpClient/4.5.5 (Java/1.8.0_211)]
Host: [localhost:8100]
Content-Length: [413]
Content-Type: [text/plain; charset=UTF-8]
{
  "id" : "02dfe75c-726a-4061-8eaf-f22a0823acf6",
  "request" : {
    "url" : "/stores",
    "method" : "POST"
  },
  "response" : {
    "status" : 201,
    "body" : "{\"phone\":\"12345\",\"name\":\"Exito\",\"id_store\":\"1\"}",
    "headers" : {
      "Content-Type" : "application/json"
    },
    "transformers" : [ "response-template" ]
  },
  "uuid" : "02dfe75c-726a-4061-8eaf-f22a0823acf6"
}

2019-07-01 22:47:43.559  INFO 8764 --- [tp1046824628-44] WireMock                                 : Admin request received:
127.0.0.1 - POST /mappings

Connection: [keep-alive]
User-Agent: [Apache-HttpClient/4.5.5 (Java/1.8.0_211)]
Host: [localhost:8100]
Content-Length: [508]
Content-Type: [text/plain; charset=UTF-8]
{
  "id" : "19c53390-8c14-408d-865c-ec6f94ef39d7",
  "request" : {
    "url" : "/stores/1/employees/1/address/1",
    "method" : "GET"
  },
  "response" : {
    "status" : 200,
    "body" : "{\"country\":\"USA\",\"id_address\":\"1\",\"city\":\"Miami\",\"street\":\"St 123\",\"postalCode\":\"010203\",\"state\":\"Florida\"}",
    "headers" : {
      "Content-Type" : "application/json"
    },
    "transformers" : [ "response-template" ]
  },
  "uuid" : "19c53390-8c14-408d-865c-ec6f94ef39d7"
}

2019-07-01 22:47:43.578  INFO 8764 --- [tp1046824628-41] WireMock                                 : Admin request received:
127.0.0.1 - POST /mappings

Connection: [keep-alive]
User-Agent: [Apache-HttpClient/4.5.5 (Java/1.8.0_211)]
Host: [localhost:8100]
Content-Length: [440]
Content-Type: [text/plain; charset=UTF-8]
{
  "id" : "92fa536f-8d51-4131-93cf-837ae456400a",
  "request" : {
    "url" : "/stores/1/employees/1",
    "method" : "GET"
  },
  "response" : {
    "status" : 200,
    "body" : "{\"phone\":\"320-3684334\",\"id_employee\":\"1\",\"name\":\"Juan Pablo\"}",
    "headers" : {
      "Content-Type" : "application/json"
    },
    "transformers" : [ "response-template" ]
  },
  "uuid" : "92fa536f-8d51-4131-93cf-837ae456400a"
}

2019-07-01 22:47:43.583  INFO 8764 --- [tp1046824628-42] WireMock                                 : Admin request received:
127.0.0.1 - POST /mappings

Connection: [keep-alive]
User-Agent: [Apache-HttpClient/4.5.5 (Java/1.8.0_211)]
Host: [localhost:8100]
Content-Length: [422]
Content-Type: [text/plain; charset=UTF-8]
{
  "id" : "cd345038-64e3-4cf9-bca6-a4d9dbcc62f5",
  "request" : {
    "url" : "/stores/1/products/1",
    "method" : "GET"
  },
  "response" : {
    "status" : 200,
    "body" : "{\"id_product\":\"1\",\"name\":\"Tv\",\"stock\":\"100\"}",
    "headers" : {
      "Content-Type" : "application/json"
    },
    "transformers" : [ "response-template" ]
  },
  "uuid" : "cd345038-64e3-4cf9-bca6-a4d9dbcc62f5"
}

2019-07-01 22:47:43.587  INFO 8764 --- [tp1046824628-43] WireMock                                 : Admin request received:
127.0.0.1 - POST /mappings

Connection: [keep-alive]
User-Agent: [Apache-HttpClient/4.5.5 (Java/1.8.0_211)]
Host: [localhost:8100]
Content-Length: [414]
Content-Type: [text/plain; charset=UTF-8]
{
  "id" : "de384749-288a-4525-b73d-5d3ad787138f",
  "request" : {
    "url" : "/stores/1",
    "method" : "GET"
  },
  "response" : {
    "status" : 200,
    "body" : "{\"phone\":\"12345\",\"name\":\"Exito\",\"id_store\":\"1\"}",
    "headers" : {
      "Content-Type" : "application/json"
    },
    "transformers" : [ "response-template" ]
  },
  "uuid" : "de384749-288a-4525-b73d-5d3ad787138f"
}

2019-07-01 22:47:43.596  INFO 8764 --- [    Test worker] o.s.c.c.stubrunner.StubRunnerExecutor    : All stubs are now running RunningStubs [namesAndPorts={com.globant.bootcamp:shop:0.0.1-SNAPSHOT:stubs=8100}]
2019-07-01 22:47:43.603  INFO 8764 --- [tp1046824628-44] /                                        : RequestHandlerClass from context returned com.github.tomakehurst.wiremock.http.StubRequestHandler. Normalized mapped under returned 'null'
2019-07-01 22:47:43.606  INFO 8764 --- [tp1046824628-44] WireMock                                 : Request received:
127.0.0.1 - GET /stores/1/products/1

User-Agent: [Java/1.8.0_211]
Connection: [keep-alive]
Host: [localhost:8100]
Accept: [application/json, application/*+json]



Matched response definition:
{
  "status" : 200,
  "body" : "{\"id_product\":\"1\",\"name\":\"Tv\",\"stock\":\"100\"}",
  "headers" : {
    "Content-Type" : "application/json"
  },
  "transformers" : [ "response-template" ]
}

Response:
HTTP/1.1 200
Content-Type: [application/json]
Matched-Stub-Id: [cd345038-64e3-4cf9-bca6-a4d9dbcc62f5]


2019-07-01 22:47:43.612  INFO 8764 --- [    Test worker] w.o.e.j.s.NetworkTrafficServerConnector  : Stopped NetworkTrafficServerConnector@66263a2{HTTP/1.1}{0.0.0.0:8100}
2019-07-01 22:47:43.613  INFO 8764 --- [    Test worker] w.o.e.j.server.handler.ContextHandler    : Stopped w.o.e.j.s.ServletContextHandler@2827e41{/,null,UNAVAILABLE}
2019-07-01 22:47:43.613  INFO 8764 --- [    Test worker] w.o.e.j.server.handler.ContextHandler    : Stopped w.o.e.j.s.ServletContextHandler@752e395a{/__admin,null,UNAVAILABLE}
2019-07-01 22:47:43.613  WARN 8764 --- [    Test worker] w.o.e.j.util.thread.QueuedThreadPool     : qtp1046824628{STOPPING,8<=8<=10,i=5,q=6} Couldn't stop Thread[qtp1046824628-44,5,]
2019-07-01 22:47:43.614  WARN 8764 --- [    Test worker] w.o.e.j.util.thread.QueuedThreadPool     : qtp1046824628{STOPPING,8<=8<=10,i=0,q=5} Couldn't stop Thread[qtp1046824628-41,5,]
2019-07-01 22:47:43.614  INFO 8764 --- [    Test worker] o.s.c.c.s.AetherStubDownloaderBuilder    : Will download stubs and contracts via Aether
2019-07-01 22:47:43.615  INFO 8764 --- [    Test worker] o.s.c.c.stubrunner.AetherStubDownloader  : Remote repos not passed but the switch to work offline was set. Stubs will be used from your local Maven repository.
2019-07-01 22:47:43.616  INFO 8764 --- [    Test worker] o.s.c.c.stubrunner.AetherStubDownloader  : Resolved version is [0.0.1-SNAPSHOT]
2019-07-01 22:47:43.617  INFO 8764 --- [    Test worker] o.s.c.c.stubrunner.AetherStubDownloader  : Resolved artifact [com.globant.bootcamp:shop:jar:stubs:0.0.1-SNAPSHOT] to C:\Users\Usuario\.m2\repository\com\globant\bootcamp\shop\0.0.1-SNAPSHOT\shop-0.0.1-SNAPSHOT-stubs.jar
2019-07-01 22:47:43.617  INFO 8764 --- [    Test worker] o.s.c.c.stubrunner.AetherStubDownloader  : Unpacking stub from JAR [URI: file:/C:/Users/Usuario/.m2/repository/com/globant/bootcamp/shop/0.0.1-SNAPSHOT/shop-0.0.1-SNAPSHOT-stubs.jar]
2019-07-01 22:47:43.652  INFO 8764 --- [    Test worker] o.s.c.c.stubrunner.AetherStubDownloader  : Unpacked file to [C:\Users\Usuario\AppData\Local\Temp\contracts719346425840986841]
2019-07-01 22:47:43.819  INFO 8764 --- [    Test worker] w.org.eclipse.jetty.server.Server        : jetty-9.2.z-SNAPSHOT
2019-07-01 22:47:43.821  INFO 8764 --- [    Test worker] w.o.e.j.server.handler.ContextHandler    : Started w.o.e.j.s.ServletContextHandler@2330acbd{/__admin,null,AVAILABLE}
2019-07-01 22:47:43.821  INFO 8764 --- [    Test worker] w.o.e.j.server.handler.ContextHandler    : Started w.o.e.j.s.ServletContextHandler@156ab7d4{/,null,AVAILABLE}
2019-07-01 22:47:43.823  INFO 8764 --- [    Test worker] w.o.e.j.s.NetworkTrafficServerConnector  : Started NetworkTrafficServerConnector@3399a480{HTTP/1.1}{0.0.0.0:8100}
2019-07-01 22:47:43.823  INFO 8764 --- [    Test worker] w.org.eclipse.jetty.server.Server        : Started @11450ms
2019-07-01 22:47:43.824  INFO 8764 --- [    Test worker] o.s.c.contract.stubrunner.StubServer     : Started stub server for project [com.globant.bootcamp:shop:0.0.1-SNAPSHOT:stubs] on port 8100
2019-07-01 22:47:43.827  INFO 8764 --- [tp1362634518-55] /__admin                                 : RequestHandlerClass from context returned com.github.tomakehurst.wiremock.http.AdminRequestHandler. Normalized mapped under returned 'null'
2019-07-01 22:47:43.828  INFO 8764 --- [tp1362634518-55] WireMock                                 : Admin request received:
127.0.0.1 - POST /mappings

Connection: [keep-alive]
User-Agent: [Apache-HttpClient/4.5.5 (Java/1.8.0_211)]
Host: [localhost:8100]
Content-Length: [236]
Content-Type: [text/plain; charset=UTF-8]
{
  "id" : "78246ceb-d88c-43df-ba7d-7e07f63f0c27",
  "request" : {
    "url" : "/ping",
    "method" : "GET"
  },
  "response" : {
    "status" : 200,
    "body" : "OK"
  },
  "uuid" : "78246ceb-d88c-43df-ba7d-7e07f63f0c27"
}

2019-07-01 22:47:43.842  INFO 8764 --- [tp1362634518-56] WireMock                                 : Admin request received:
127.0.0.1 - POST /mappings

Connection: [keep-alive]
User-Agent: [Apache-HttpClient/4.5.5 (Java/1.8.0_211)]
Host: [localhost:8100]
Content-Length: [238]
Content-Type: [text/plain; charset=UTF-8]
{
  "id" : "973c28a7-0d7d-4047-8af8-08e1988c2078",
  "request" : {
    "url" : "/health",
    "method" : "GET"
  },
  "response" : {
    "status" : 200,
    "body" : "OK"
  },
  "uuid" : "973c28a7-0d7d-4047-8af8-08e1988c2078"
}

2019-07-01 22:47:43.858  INFO 8764 --- [tp1362634518-57] WireMock                                 : Admin request received:
127.0.0.1 - POST /mappings

Connection: [keep-alive]
User-Agent: [Apache-HttpClient/4.5.5 (Java/1.8.0_211)]
Host: [localhost:8100]
Content-Length: [413]
Content-Type: [text/plain; charset=UTF-8]
{
  "id" : "02dfe75c-726a-4061-8eaf-f22a0823acf6",
  "request" : {
    "url" : "/stores",
    "method" : "POST"
  },
  "response" : {
    "status" : 201,
    "body" : "{\"phone\":\"12345\",\"name\":\"Exito\",\"id_store\":\"1\"}",
    "headers" : {
      "Content-Type" : "application/json"
    },
    "transformers" : [ "response-template" ]
  },
  "uuid" : "02dfe75c-726a-4061-8eaf-f22a0823acf6"
}

2019-07-01 22:47:43.873  INFO 8764 --- [tp1362634518-58] WireMock                                 : Admin request received:
127.0.0.1 - POST /mappings

Connection: [keep-alive]
User-Agent: [Apache-HttpClient/4.5.5 (Java/1.8.0_211)]
Host: [localhost:8100]
Content-Length: [508]
Content-Type: [text/plain; charset=UTF-8]
{
  "id" : "19c53390-8c14-408d-865c-ec6f94ef39d7",
  "request" : {
    "url" : "/stores/1/employees/1/address/1",
    "method" : "GET"
  },
  "response" : {
    "status" : 200,
    "body" : "{\"country\":\"USA\",\"id_address\":\"1\",\"city\":\"Miami\",\"street\":\"St 123\",\"postalCode\":\"010203\",\"state\":\"Florida\"}",
    "headers" : {
      "Content-Type" : "application/json"
    },
    "transformers" : [ "response-template" ]
  },
  "uuid" : "19c53390-8c14-408d-865c-ec6f94ef39d7"
}

2019-07-01 22:47:43.890  INFO 8764 --- [tp1362634518-55] WireMock                                 : Admin request received:
127.0.0.1 - POST /mappings

Connection: [keep-alive]
User-Agent: [Apache-HttpClient/4.5.5 (Java/1.8.0_211)]
Host: [localhost:8100]
Content-Length: [440]
Content-Type: [text/plain; charset=UTF-8]
{
  "id" : "92fa536f-8d51-4131-93cf-837ae456400a",
  "request" : {
    "url" : "/stores/1/employees/1",
    "method" : "GET"
  },
  "response" : {
    "status" : 200,
    "body" : "{\"phone\":\"320-3684334\",\"id_employee\":\"1\",\"name\":\"Juan Pablo\"}",
    "headers" : {
      "Content-Type" : "application/json"
    },
    "transformers" : [ "response-template" ]
  },
  "uuid" : "92fa536f-8d51-4131-93cf-837ae456400a"
}

2019-07-01 22:47:43.897  INFO 8764 --- [tp1362634518-56] WireMock                                 : Admin request received:
127.0.0.1 - POST /mappings

Connection: [keep-alive]
User-Agent: [Apache-HttpClient/4.5.5 (Java/1.8.0_211)]
Host: [localhost:8100]
Content-Length: [422]
Content-Type: [text/plain; charset=UTF-8]
{
  "id" : "cd345038-64e3-4cf9-bca6-a4d9dbcc62f5",
  "request" : {
    "url" : "/stores/1/products/1",
    "method" : "GET"
  },
  "response" : {
    "status" : 200,
    "body" : "{\"id_product\":\"1\",\"name\":\"Tv\",\"stock\":\"100\"}",
    "headers" : {
      "Content-Type" : "application/json"
    },
    "transformers" : [ "response-template" ]
  },
  "uuid" : "cd345038-64e3-4cf9-bca6-a4d9dbcc62f5"
}

2019-07-01 22:47:43.903  INFO 8764 --- [tp1362634518-57] WireMock                                 : Admin request received:
127.0.0.1 - POST /mappings

Connection: [keep-alive]
User-Agent: [Apache-HttpClient/4.5.5 (Java/1.8.0_211)]
Host: [localhost:8100]
Content-Length: [414]
Content-Type: [text/plain; charset=UTF-8]
{
  "id" : "de384749-288a-4525-b73d-5d3ad787138f",
  "request" : {
    "url" : "/stores/1",
    "method" : "GET"
  },
  "response" : {
    "status" : 200,
    "body" : "{\"phone\":\"12345\",\"name\":\"Exito\",\"id_store\":\"1\"}",
    "headers" : {
      "Content-Type" : "application/json"
    },
    "transformers" : [ "response-template" ]
  },
  "uuid" : "de384749-288a-4525-b73d-5d3ad787138f"
}

2019-07-01 22:47:43.909  INFO 8764 --- [    Test worker] o.s.c.c.stubrunner.StubRunnerExecutor    : All stubs are now running RunningStubs [namesAndPorts={com.globant.bootcamp:shop:0.0.1-SNAPSHOT:stubs=8100}]
2019-07-01 22:47:43.915  INFO 8764 --- [tp1362634518-58] /                                        : RequestHandlerClass from context returned com.github.tomakehurst.wiremock.http.StubRequestHandler. Normalized mapped under returned 'null'
2019-07-01 22:47:43.919  INFO 8764 --- [tp1362634518-58] WireMock                                 : Request received:
127.0.0.1 - GET /stores/1/employees/1/address/1

User-Agent: [Java/1.8.0_211]
Connection: [keep-alive]
Host: [localhost:8100]
Accept: [application/json, application/*+json]



Matched response definition:
{
  "status" : 200,
  "body" : "{\"country\":\"USA\",\"id_address\":\"1\",\"city\":\"Miami\",\"street\":\"St 123\",\"postalCode\":\"010203\",\"state\":\"Florida\"}",
  "headers" : {
    "Content-Type" : "application/json"
  },
  "transformers" : [ "response-template" ]
}

Response:
HTTP/1.1 200
Content-Type: [application/json]
Matched-Stub-Id: [19c53390-8c14-408d-865c-ec6f94ef39d7]


2019-07-01 22:47:43.924  INFO 8764 --- [    Test worker] w.o.e.j.s.NetworkTrafficServerConnector  : Stopped NetworkTrafficServerConnector@3399a480{HTTP/1.1}{0.0.0.0:8100}
2019-07-01 22:47:43.925  INFO 8764 --- [    Test worker] w.o.e.j.server.handler.ContextHandler    : Stopped w.o.e.j.s.ServletContextHandler@156ab7d4{/,null,UNAVAILABLE}
2019-07-01 22:47:43.925  INFO 8764 --- [    Test worker] w.o.e.j.server.handler.ContextHandler    : Stopped w.o.e.j.s.ServletContextHandler@2330acbd{/__admin,null,UNAVAILABLE}
2019-07-01 22:47:43.926  WARN 8764 --- [    Test worker] w.o.e.j.util.thread.QueuedThreadPool     : qtp1362634518{STOPPING,8<=8<=10,i=6,q=7} Couldn't stop Thread[qtp1362634518-55,5,main]
2019-07-01 22:47:43.926  WARN 8764 --- [    Test worker] w.o.e.j.util.thread.QueuedThreadPool     : qtp1362634518{STOPPING,8<=8<=10,i=0,q=6} Couldn't stop Thread[qtp1362634518-51,5,]
2019-07-01 22:47:43.928  INFO 8764 --- [    Test worker] o.s.c.c.s.AetherStubDownloaderBuilder    : Will download stubs and contracts via Aether
2019-07-01 22:47:43.928  INFO 8764 --- [    Test worker] o.s.c.c.stubrunner.AetherStubDownloader  : Remote repos not passed but the switch to work offline was set. Stubs will be used from your local Maven repository.
2019-07-01 22:47:43.929  INFO 8764 --- [    Test worker] o.s.c.c.stubrunner.AetherStubDownloader  : Resolved version is [0.0.1-SNAPSHOT]
2019-07-01 22:47:43.930  INFO 8764 --- [    Test worker] o.s.c.c.stubrunner.AetherStubDownloader  : Resolved artifact [com.globant.bootcamp:shop:jar:stubs:0.0.1-SNAPSHOT] to C:\Users\Usuario\.m2\repository\com\globant\bootcamp\shop\0.0.1-SNAPSHOT\shop-0.0.1-SNAPSHOT-stubs.jar
2019-07-01 22:47:43.931  INFO 8764 --- [    Test worker] o.s.c.c.stubrunner.AetherStubDownloader  : Unpacking stub from JAR [URI: file:/C:/Users/Usuario/.m2/repository/com/globant/bootcamp/shop/0.0.1-SNAPSHOT/shop-0.0.1-SNAPSHOT-stubs.jar]
2019-07-01 22:47:43.975  INFO 8764 --- [    Test worker] o.s.c.c.stubrunner.AetherStubDownloader  : Unpacked file to [C:\Users\Usuario\AppData\Local\Temp\contracts2634459481739452658]
2019-07-01 22:47:44.151  INFO 8764 --- [    Test worker] w.org.eclipse.jetty.server.Server        : jetty-9.2.z-SNAPSHOT
2019-07-01 22:47:44.153  INFO 8764 --- [    Test worker] w.o.e.j.server.handler.ContextHandler    : Started w.o.e.j.s.ServletContextHandler@75b78b17{/__admin,null,AVAILABLE}
2019-07-01 22:47:44.153  INFO 8764 --- [    Test worker] w.o.e.j.server.handler.ContextHandler    : Started w.o.e.j.s.ServletContextHandler@420ef4b{/,null,AVAILABLE}
2019-07-01 22:47:44.154  INFO 8764 --- [    Test worker] w.o.e.j.s.NetworkTrafficServerConnector  : Started NetworkTrafficServerConnector@4d0623eb{HTTP/1.1}{0.0.0.0:8100}
2019-07-01 22:47:44.155  INFO 8764 --- [    Test worker] w.org.eclipse.jetty.server.Server        : Started @11782ms
2019-07-01 22:47:44.155  INFO 8764 --- [    Test worker] o.s.c.contract.stubrunner.StubServer     : Started stub server for project [com.globant.bootcamp:shop:0.0.1-SNAPSHOT:stubs] on port 8100
2019-07-01 22:47:44.158  INFO 8764 --- [tp1879750556-69] /__admin                                 : RequestHandlerClass from context returned com.github.tomakehurst.wiremock.http.AdminRequestHandler. Normalized mapped under returned 'null'
2019-07-01 22:47:44.159  INFO 8764 --- [tp1879750556-69] WireMock                                 : Admin request received:
127.0.0.1 - POST /mappings

Connection: [keep-alive]
User-Agent: [Apache-HttpClient/4.5.5 (Java/1.8.0_211)]
Host: [localhost:8100]
Content-Length: [236]
Content-Type: [text/plain; charset=UTF-8]
{
  "id" : "b3af1fb8-e5c8-4cb2-abed-28102e98b4cf",
  "request" : {
    "url" : "/ping",
    "method" : "GET"
  },
  "response" : {
    "status" : 200,
    "body" : "OK"
  },
  "uuid" : "b3af1fb8-e5c8-4cb2-abed-28102e98b4cf"
}

2019-07-01 22:47:44.175  INFO 8764 --- [tp1879750556-70] WireMock                                 : Admin request received:
127.0.0.1 - POST /mappings

Connection: [keep-alive]
User-Agent: [Apache-HttpClient/4.5.5 (Java/1.8.0_211)]
Host: [localhost:8100]
Content-Length: [238]
Content-Type: [text/plain; charset=UTF-8]
{
  "id" : "872325b8-1a7d-48be-8fb4-4b21dd84de49",
  "request" : {
    "url" : "/health",
    "method" : "GET"
  },
  "response" : {
    "status" : 200,
    "body" : "OK"
  },
  "uuid" : "872325b8-1a7d-48be-8fb4-4b21dd84de49"
}

2019-07-01 22:47:44.191  INFO 8764 --- [tp1879750556-71] WireMock                                 : Admin request received:
127.0.0.1 - POST /mappings

Connection: [keep-alive]
User-Agent: [Apache-HttpClient/4.5.5 (Java/1.8.0_211)]
Host: [localhost:8100]
Content-Length: [413]
Content-Type: [text/plain; charset=UTF-8]
{
  "id" : "02dfe75c-726a-4061-8eaf-f22a0823acf6",
  "request" : {
    "url" : "/stores",
    "method" : "POST"
  },
  "response" : {
    "status" : 201,
    "body" : "{\"phone\":\"12345\",\"name\":\"Exito\",\"id_store\":\"1\"}",
    "headers" : {
      "Content-Type" : "application/json"
    },
    "transformers" : [ "response-template" ]
  },
  "uuid" : "02dfe75c-726a-4061-8eaf-f22a0823acf6"
}

2019-07-01 22:47:44.206  INFO 8764 --- [tp1879750556-72] WireMock                                 : Admin request received:
127.0.0.1 - POST /mappings

Connection: [keep-alive]
User-Agent: [Apache-HttpClient/4.5.5 (Java/1.8.0_211)]
Host: [localhost:8100]
Content-Length: [508]
Content-Type: [text/plain; charset=UTF-8]
{
  "id" : "19c53390-8c14-408d-865c-ec6f94ef39d7",
  "request" : {
    "url" : "/stores/1/employees/1/address/1",
    "method" : "GET"
  },
  "response" : {
    "status" : 200,
    "body" : "{\"country\":\"USA\",\"id_address\":\"1\",\"city\":\"Miami\",\"street\":\"St 123\",\"postalCode\":\"010203\",\"state\":\"Florida\"}",
    "headers" : {
      "Content-Type" : "application/json"
    },
    "transformers" : [ "response-template" ]
  },
  "uuid" : "19c53390-8c14-408d-865c-ec6f94ef39d7"
}

2019-07-01 22:47:44.222  INFO 8764 --- [tp1879750556-69] WireMock                                 : Admin request received:
127.0.0.1 - POST /mappings

Connection: [keep-alive]
User-Agent: [Apache-HttpClient/4.5.5 (Java/1.8.0_211)]
Host: [localhost:8100]
Content-Length: [440]
Content-Type: [text/plain; charset=UTF-8]
{
  "id" : "92fa536f-8d51-4131-93cf-837ae456400a",
  "request" : {
    "url" : "/stores/1/employees/1",
    "method" : "GET"
  },
  "response" : {
    "status" : 200,
    "body" : "{\"phone\":\"320-3684334\",\"id_employee\":\"1\",\"name\":\"Juan Pablo\"}",
    "headers" : {
      "Content-Type" : "application/json"
    },
    "transformers" : [ "response-template" ]
  },
  "uuid" : "92fa536f-8d51-4131-93cf-837ae456400a"
}

2019-07-01 22:47:44.229  INFO 8764 --- [tp1879750556-70] WireMock                                 : Admin request received:
127.0.0.1 - POST /mappings

Connection: [keep-alive]
User-Agent: [Apache-HttpClient/4.5.5 (Java/1.8.0_211)]
Host: [localhost:8100]
Content-Length: [422]
Content-Type: [text/plain; charset=UTF-8]
{
  "id" : "cd345038-64e3-4cf9-bca6-a4d9dbcc62f5",
  "request" : {
    "url" : "/stores/1/products/1",
    "method" : "GET"
  },
  "response" : {
    "status" : 200,
    "body" : "{\"id_product\":\"1\",\"name\":\"Tv\",\"stock\":\"100\"}",
    "headers" : {
      "Content-Type" : "application/json"
    },
    "transformers" : [ "response-template" ]
  },
  "uuid" : "cd345038-64e3-4cf9-bca6-a4d9dbcc62f5"
}

2019-07-01 22:47:44.235  INFO 8764 --- [tp1879750556-71] WireMock                                 : Admin request received:
127.0.0.1 - POST /mappings

Connection: [keep-alive]
User-Agent: [Apache-HttpClient/4.5.5 (Java/1.8.0_211)]
Host: [localhost:8100]
Content-Length: [414]
Content-Type: [text/plain; charset=UTF-8]
{
  "id" : "de384749-288a-4525-b73d-5d3ad787138f",
  "request" : {
    "url" : "/stores/1",
    "method" : "GET"
  },
  "response" : {
    "status" : 200,
    "body" : "{\"phone\":\"12345\",\"name\":\"Exito\",\"id_store\":\"1\"}",
    "headers" : {
      "Content-Type" : "application/json"
    },
    "transformers" : [ "response-template" ]
  },
  "uuid" : "de384749-288a-4525-b73d-5d3ad787138f"
}

2019-07-01 22:47:44.240  INFO 8764 --- [    Test worker] o.s.c.c.stubrunner.StubRunnerExecutor    : All stubs are now running RunningStubs [namesAndPorts={com.globant.bootcamp:shop:0.0.1-SNAPSHOT:stubs=8100}]
2019-07-01 22:47:44.250  INFO 8764 --- [tp1879750556-72] /                                        : RequestHandlerClass from context returned com.github.tomakehurst.wiremock.http.StubRequestHandler. Normalized mapped under returned 'null'
2019-07-01 22:47:44.252  INFO 8764 --- [tp1879750556-72] WireMock                                 : Request received:
127.0.0.1 - GET /stores/1/employees/1

User-Agent: [Java/1.8.0_211]
Connection: [keep-alive]
Host: [localhost:8100]
Accept: [application/json, application/*+json]



Matched response definition:
{
  "status" : 200,
  "body" : "{\"phone\":\"320-3684334\",\"id_employee\":\"1\",\"name\":\"Juan Pablo\"}",
  "headers" : {
    "Content-Type" : "application/json"
  },
  "transformers" : [ "response-template" ]
}

Response:
HTTP/1.1 200
Content-Type: [application/json]
Matched-Stub-Id: [92fa536f-8d51-4131-93cf-837ae456400a]


2019-07-01 22:47:44.257  INFO 8764 --- [    Test worker] w.o.e.j.s.NetworkTrafficServerConnector  : Stopped NetworkTrafficServerConnector@4d0623eb{HTTP/1.1}{0.0.0.0:8100}
2019-07-01 22:47:44.258  INFO 8764 --- [    Test worker] w.o.e.j.server.handler.ContextHandler    : Stopped w.o.e.j.s.ServletContextHandler@420ef4b{/,null,UNAVAILABLE}
2019-07-01 22:47:44.258  INFO 8764 --- [    Test worker] w.o.e.j.server.handler.ContextHandler    : Stopped w.o.e.j.s.ServletContextHandler@75b78b17{/__admin,null,UNAVAILABLE}
2019-07-01 22:47:44.259  WARN 8764 --- [    Test worker] w.o.e.j.util.thread.QueuedThreadPool     : qtp1879750556{STOPPING,8<=8<=10,i=6,q=6} Couldn't stop Thread[qtp1879750556-74,5,]
2019-07-01 22:47:44.259  WARN 8764 --- [    Test worker] w.o.e.j.util.thread.QueuedThreadPool     : qtp1879750556{STOPPING,8<=8<=10,i=0,q=5} Couldn't stop Thread[qtp1879750556-65,5,]
2019-07-01 22:47:44.260  INFO 8764 --- [    Test worker] o.s.c.c.s.AetherStubDownloaderBuilder    : Will download stubs and contracts via Aether
2019-07-01 22:47:44.261  INFO 8764 --- [    Test worker] o.s.c.c.stubrunner.AetherStubDownloader  : Remote repos not passed but the switch to work offline was set. Stubs will be used from your local Maven repository.
2019-07-01 22:47:44.265  INFO 8764 --- [    Test worker] o.s.c.c.stubrunner.AetherStubDownloader  : Resolved version is [0.0.1-SNAPSHOT]
2019-07-01 22:47:44.267  INFO 8764 --- [    Test worker] o.s.c.c.stubrunner.AetherStubDownloader  : Resolved artifact [com.globant.bootcamp:shop:jar:stubs:0.0.1-SNAPSHOT] to C:\Users\Usuario\.m2\repository\com\globant\bootcamp\shop\0.0.1-SNAPSHOT\shop-0.0.1-SNAPSHOT-stubs.jar
2019-07-01 22:47:44.268  INFO 8764 --- [    Test worker] o.s.c.c.stubrunner.AetherStubDownloader  : Unpacking stub from JAR [URI: file:/C:/Users/Usuario/.m2/repository/com/globant/bootcamp/shop/0.0.1-SNAPSHOT/shop-0.0.1-SNAPSHOT-stubs.jar]
2019-07-01 22:47:44.296  INFO 8764 --- [    Test worker] o.s.c.c.stubrunner.AetherStubDownloader  : Unpacked file to [C:\Users\Usuario\AppData\Local\Temp\contracts7181871856655735735]
2019-07-01 22:47:44.451  INFO 8764 --- [    Test worker] w.org.eclipse.jetty.server.Server        : jetty-9.2.z-SNAPSHOT
2019-07-01 22:47:44.452  INFO 8764 --- [    Test worker] w.o.e.j.server.handler.ContextHandler    : Started w.o.e.j.s.ServletContextHandler@668b2d72{/__admin,null,AVAILABLE}
2019-07-01 22:47:44.453  INFO 8764 --- [    Test worker] w.o.e.j.server.handler.ContextHandler    : Started w.o.e.j.s.ServletContextHandler@33e63951{/,null,AVAILABLE}
2019-07-01 22:47:44.454  INFO 8764 --- [    Test worker] w.o.e.j.s.NetworkTrafficServerConnector  : Started NetworkTrafficServerConnector@c3972e2{HTTP/1.1}{0.0.0.0:8100}
2019-07-01 22:47:44.454  INFO 8764 --- [    Test worker] w.org.eclipse.jetty.server.Server        : Started @12081ms
2019-07-01 22:47:44.455  INFO 8764 --- [    Test worker] o.s.c.contract.stubrunner.StubServer     : Started stub server for project [com.globant.bootcamp:shop:0.0.1-SNAPSHOT:stubs] on port 8100
2019-07-01 22:47:44.457  INFO 8764 --- [qtp354501673-83] /__admin                                 : RequestHandlerClass from context returned com.github.tomakehurst.wiremock.http.AdminRequestHandler. Normalized mapped under returned 'null'
2019-07-01 22:47:44.458  INFO 8764 --- [qtp354501673-83] WireMock                                 : Admin request received:
127.0.0.1 - POST /mappings

Connection: [keep-alive]
User-Agent: [Apache-HttpClient/4.5.5 (Java/1.8.0_211)]
Host: [localhost:8100]
Content-Length: [236]
Content-Type: [text/plain; charset=UTF-8]
{
  "id" : "384f49de-67e2-4423-ab23-07146e329118",
  "request" : {
    "url" : "/ping",
    "method" : "GET"
  },
  "response" : {
    "status" : 200,
    "body" : "OK"
  },
  "uuid" : "384f49de-67e2-4423-ab23-07146e329118"
}

2019-07-01 22:47:44.473  INFO 8764 --- [qtp354501673-84] WireMock                                 : Admin request received:
127.0.0.1 - POST /mappings

Connection: [keep-alive]
User-Agent: [Apache-HttpClient/4.5.5 (Java/1.8.0_211)]
Host: [localhost:8100]
Content-Length: [238]
Content-Type: [text/plain; charset=UTF-8]
{
  "id" : "b34590c2-efcb-4048-9d64-9140ea6a286e",
  "request" : {
    "url" : "/health",
    "method" : "GET"
  },
  "response" : {
    "status" : 200,
    "body" : "OK"
  },
  "uuid" : "b34590c2-efcb-4048-9d64-9140ea6a286e"
}

2019-07-01 22:47:44.485  INFO 8764 --- [qtp354501673-85] WireMock                                 : Admin request received:
127.0.0.1 - POST /mappings

Connection: [keep-alive]
User-Agent: [Apache-HttpClient/4.5.5 (Java/1.8.0_211)]
Host: [localhost:8100]
Content-Length: [413]
Content-Type: [text/plain; charset=UTF-8]
{
  "id" : "02dfe75c-726a-4061-8eaf-f22a0823acf6",
  "request" : {
    "url" : "/stores",
    "method" : "POST"
  },
  "response" : {
    "status" : 201,
    "body" : "{\"phone\":\"12345\",\"name\":\"Exito\",\"id_store\":\"1\"}",
    "headers" : {
      "Content-Type" : "application/json"
    },
    "transformers" : [ "response-template" ]
  },
  "uuid" : "02dfe75c-726a-4061-8eaf-f22a0823acf6"
}

2019-07-01 22:47:44.495  INFO 8764 --- [qtp354501673-86] WireMock                                 : Admin request received:
127.0.0.1 - POST /mappings

Connection: [keep-alive]
User-Agent: [Apache-HttpClient/4.5.5 (Java/1.8.0_211)]
Host: [localhost:8100]
Content-Length: [508]
Content-Type: [text/plain; charset=UTF-8]
{
  "id" : "19c53390-8c14-408d-865c-ec6f94ef39d7",
  "request" : {
    "url" : "/stores/1/employees/1/address/1",
    "method" : "GET"
  },
  "response" : {
    "status" : 200,
    "body" : "{\"country\":\"USA\",\"id_address\":\"1\",\"city\":\"Miami\",\"street\":\"St 123\",\"postalCode\":\"010203\",\"state\":\"Florida\"}",
    "headers" : {
      "Content-Type" : "application/json"
    },
    "transformers" : [ "response-template" ]
  },
  "uuid" : "19c53390-8c14-408d-865c-ec6f94ef39d7"
}

2019-07-01 22:47:44.510  INFO 8764 --- [qtp354501673-83] WireMock                                 : Admin request received:
127.0.0.1 - POST /mappings

Connection: [keep-alive]
User-Agent: [Apache-HttpClient/4.5.5 (Java/1.8.0_211)]
Host: [localhost:8100]
Content-Length: [440]
Content-Type: [text/plain; charset=UTF-8]
{
  "id" : "92fa536f-8d51-4131-93cf-837ae456400a",
  "request" : {
    "url" : "/stores/1/employees/1",
    "method" : "GET"
  },
  "response" : {
    "status" : 200,
    "body" : "{\"phone\":\"320-3684334\",\"id_employee\":\"1\",\"name\":\"Juan Pablo\"}",
    "headers" : {
      "Content-Type" : "application/json"
    },
    "transformers" : [ "response-template" ]
  },
  "uuid" : "92fa536f-8d51-4131-93cf-837ae456400a"
}

2019-07-01 22:47:44.516  INFO 8764 --- [qtp354501673-84] WireMock                                 : Admin request received:
127.0.0.1 - POST /mappings

Connection: [keep-alive]
User-Agent: [Apache-HttpClient/4.5.5 (Java/1.8.0_211)]
Host: [localhost:8100]
Content-Length: [422]
Content-Type: [text/plain; charset=UTF-8]
{
  "id" : "cd345038-64e3-4cf9-bca6-a4d9dbcc62f5",
  "request" : {
    "url" : "/stores/1/products/1",
    "method" : "GET"
  },
  "response" : {
    "status" : 200,
    "body" : "{\"id_product\":\"1\",\"name\":\"Tv\",\"stock\":\"100\"}",
    "headers" : {
      "Content-Type" : "application/json"
    },
    "transformers" : [ "response-template" ]
  },
  "uuid" : "cd345038-64e3-4cf9-bca6-a4d9dbcc62f5"
}

2019-07-01 22:47:44.520  INFO 8764 --- [qtp354501673-85] WireMock                                 : Admin request received:
127.0.0.1 - POST /mappings

Connection: [keep-alive]
User-Agent: [Apache-HttpClient/4.5.5 (Java/1.8.0_211)]
Host: [localhost:8100]
Content-Length: [414]
Content-Type: [text/plain; charset=UTF-8]
{
  "id" : "de384749-288a-4525-b73d-5d3ad787138f",
  "request" : {
    "url" : "/stores/1",
    "method" : "GET"
  },
  "response" : {
    "status" : 200,
    "body" : "{\"phone\":\"12345\",\"name\":\"Exito\",\"id_store\":\"1\"}",
    "headers" : {
      "Content-Type" : "application/json"
    },
    "transformers" : [ "response-template" ]
  },
  "uuid" : "de384749-288a-4525-b73d-5d3ad787138f"
}

2019-07-01 22:47:44.529  INFO 8764 --- [    Test worker] o.s.c.c.stubrunner.StubRunnerExecutor    : All stubs are now running RunningStubs [namesAndPorts={com.globant.bootcamp:shop:0.0.1-SNAPSHOT:stubs=8100}]
2019-07-01 22:47:44.534  INFO 8764 --- [qtp354501673-86] /                                        : RequestHandlerClass from context returned com.github.tomakehurst.wiremock.http.StubRequestHandler. Normalized mapped under returned 'null'
2019-07-01 22:47:44.536  INFO 8764 --- [qtp354501673-86] WireMock                                 : Request received:
127.0.0.1 - GET /stores/1

User-Agent: [Java/1.8.0_211]
Connection: [keep-alive]
Host: [localhost:8100]
Accept: [application/json, application/*+json]



Matched response definition:
{
  "status" : 200,
  "body" : "{\"phone\":\"12345\",\"name\":\"Exito\",\"id_store\":\"1\"}",
  "headers" : {
    "Content-Type" : "application/json"
  },
  "transformers" : [ "response-template" ]
}

Response:
HTTP/1.1 200
Content-Type: [application/json]
Matched-Stub-Id: [de384749-288a-4525-b73d-5d3ad787138f]


2019-07-01 22:47:44.541  INFO 8764 --- [    Test worker] w.o.e.j.s.NetworkTrafficServerConnector  : Stopped NetworkTrafficServerConnector@c3972e2{HTTP/1.1}{0.0.0.0:8100}
2019-07-01 22:47:44.542  INFO 8764 --- [    Test worker] w.o.e.j.server.handler.ContextHandler    : Stopped w.o.e.j.s.ServletContextHandler@33e63951{/,null,UNAVAILABLE}
2019-07-01 22:47:44.542  INFO 8764 --- [    Test worker] w.o.e.j.server.handler.ContextHandler    : Stopped w.o.e.j.s.ServletContextHandler@668b2d72{/__admin,null,UNAVAILABLE}
2019-07-01 22:47:44.543  WARN 8764 --- [    Test worker] w.o.e.j.util.thread.QueuedThreadPool     : qtp354501673{STOPPING,8<=8<=10,i=4,q=6} Couldn't stop Thread[qtp354501673-83,5,]
2019-07-01 22:47:44.543  WARN 8764 --- [    Test worker] w.o.e.j.util.thread.QueuedThreadPool     : qtp354501673{STOPPING,8<=8<=10,i=1,q=5} Couldn't stop Thread[qtp354501673-85,5,]
2019-07-01 22:47:44.543  WARN 8764 --- [    Test worker] w.o.e.j.util.thread.QueuedThreadPool     : qtp354501673{STOPPING,8<=8<=10,i=0,q=5} Couldn't stop Thread[qtp354501673-88,5,]
]]></system-out>
  <system-err><![CDATA[]]></system-err>
</testsuite>
